{"/Users/erenkurnaz/Desktop/my-packages/nestjs-sentry/lib/sentry.module.ts": {"path":"/Users/erenkurnaz/Desktop/my-packages/nestjs-sentry/lib/sentry.module.ts","statementMap":{"0":{"start":{"line":2,"column":17},"end":{"line":7,"column":1}},"1":{"start":{"line":3,"column":12},"end":{"line":3,"column":28}},"2":{"start":{"line":3,"column":34},"end":{"line":3,"column":125}},"3":{"start":{"line":4,"column":4},"end":{"line":5,"column":150}},"4":{"start":{"line":4,"column":79},"end":{"line":4,"column":131}},"5":{"start":{"line":5,"column":9},"end":{"line":5,"column":150}},"6":{"start":{"line":5,"column":22},"end":{"line":5,"column":43}},"7":{"start":{"line":5,"column":58},"end":{"line":5,"column":150}},"8":{"start":{"line":5,"column":81},"end":{"line":5,"column":150}},"9":{"start":{"line":6,"column":4},"end":{"line":6,"column":66}},"10":{"start":{"line":9,"column":0},"end":{"line":9,"column":62}},"11":{"start":{"line":10,"column":0},"end":{"line":10,"column":30}},"12":{"start":{"line":11,"column":17},"end":{"line":11,"column":42}},"13":{"start":{"line":12,"column":24},"end":{"line":12,"column":50}},"14":{"start":{"line":13,"column":25},"end":{"line":13,"column":52}},"15":{"start":{"line":14,"column":27},"end":{"line":14,"column":56}},"16":{"start":{"line":15,"column":19},"end":{"line":66,"column":1}},"17":{"start":{"line":17,"column":31},"end":{"line":17,"column":84}},"18":{"start":{"line":18,"column":44},"end":{"line":18,"column":110}},"19":{"start":{"line":19,"column":8},"end":{"line":24,"column":10}},"20":{"start":{"line":27,"column":25},"end":{"line":31,"column":9}},"21":{"start":{"line":30,"column":37},"end":{"line":30,"column":80}},"22":{"start":{"line":32,"column":8},"end":{"line":38,"column":10}},"23":{"start":{"line":41,"column":8},"end":{"line":43,"column":9}},"24":{"start":{"line":42,"column":12},"end":{"line":42,"column":62}},"25":{"start":{"line":44,"column":8},"end":{"line":50,"column":10}},"26":{"start":{"line":53,"column":8},"end":{"line":59,"column":9}},"27":{"start":{"line":54,"column":12},"end":{"line":58,"column":14}},"28":{"start":{"line":60,"column":8},"end":{"line":64,"column":10}},"29":{"start":{"line":62,"column":50},"end":{"line":62,"column":98}},"30":{"start":{"line":67,"column":0},"end":{"line":67,"column":36}},"31":{"start":{"line":68,"column":0},"end":{"line":70,"column":17}}},"fnMap":{"0":{"name":"(anonymous_0)","decl":{"start":{"line":2,"column":46},"end":{"line":2,"column":47}},"loc":{"start":{"line":2,"column":87},"end":{"line":7,"column":1}},"line":2},"1":{"name":"(anonymous_1)","decl":{"start":{"line":16,"column":4},"end":{"line":16,"column":5}},"loc":{"start":{"line":16,"column":28},"end":{"line":25,"column":5}},"line":16},"2":{"name":"(anonymous_2)","decl":{"start":{"line":26,"column":4},"end":{"line":26,"column":5}},"loc":{"start":{"line":26,"column":33},"end":{"line":39,"column":5}},"line":26},"3":{"name":"(anonymous_3)","decl":{"start":{"line":30,"column":24},"end":{"line":30,"column":25}},"loc":{"start":{"line":30,"column":37},"end":{"line":30,"column":80}},"line":30},"4":{"name":"(anonymous_4)","decl":{"start":{"line":40,"column":4},"end":{"line":40,"column":5}},"loc":{"start":{"line":40,"column":41},"end":{"line":51,"column":5}},"line":40},"5":{"name":"(anonymous_5)","decl":{"start":{"line":52,"column":4},"end":{"line":52,"column":5}},"loc":{"start":{"line":52,"column":47},"end":{"line":65,"column":5}},"line":52},"6":{"name":"(anonymous_6)","decl":{"start":{"line":62,"column":24},"end":{"line":62,"column":25}},"loc":{"start":{"line":62,"column":50},"end":{"line":62,"column":98}},"line":62}},"branchMap":{"0":{"loc":{"start":{"line":2,"column":17},"end":{"line":7,"column":1}},"type":"binary-expr","locations":[{"start":{"line":2,"column":18},"end":{"line":2,"column":22}},{"start":{"line":2,"column":26},"end":{"line":2,"column":41}},{"start":{"line":2,"column":46},"end":{"line":7,"column":1}}],"line":2},"1":{"loc":{"start":{"line":3,"column":34},"end":{"line":3,"column":125}},"type":"cond-expr","locations":[{"start":{"line":3,"column":42},"end":{"line":3,"column":48}},{"start":{"line":3,"column":51},"end":{"line":3,"column":125}}],"line":3},"2":{"loc":{"start":{"line":3,"column":51},"end":{"line":3,"column":125}},"type":"cond-expr","locations":[{"start":{"line":3,"column":67},"end":{"line":3,"column":118}},{"start":{"line":3,"column":121},"end":{"line":3,"column":125}}],"line":3},"3":{"loc":{"start":{"line":4,"column":4},"end":{"line":5,"column":150}},"type":"if","locations":[{"start":{"line":4,"column":4},"end":{"line":5,"column":150}},{"start":{"line":5,"column":9},"end":{"line":5,"column":150}}],"line":4},"4":{"loc":{"start":{"line":4,"column":8},"end":{"line":4,"column":77}},"type":"binary-expr","locations":[{"start":{"line":4,"column":8},"end":{"line":4,"column":35}},{"start":{"line":4,"column":39},"end":{"line":4,"column":77}}],"line":4},"5":{"loc":{"start":{"line":5,"column":58},"end":{"line":5,"column":150}},"type":"if","locations":[{"start":{"line":5,"column":58},"end":{"line":5,"column":150}},{"start":{},"end":{}}],"line":5},"6":{"loc":{"start":{"line":5,"column":85},"end":{"line":5,"column":149}},"type":"binary-expr","locations":[{"start":{"line":5,"column":86},"end":{"line":5,"column":143}},{"start":{"line":5,"column":148},"end":{"line":5,"column":149}}],"line":5},"7":{"loc":{"start":{"line":5,"column":86},"end":{"line":5,"column":143}},"type":"cond-expr","locations":[{"start":{"line":5,"column":94},"end":{"line":5,"column":98}},{"start":{"line":5,"column":101},"end":{"line":5,"column":143}}],"line":5},"8":{"loc":{"start":{"line":5,"column":101},"end":{"line":5,"column":143}},"type":"cond-expr","locations":[{"start":{"line":5,"column":109},"end":{"line":5,"column":126}},{"start":{"line":5,"column":129},"end":{"line":5,"column":143}}],"line":5},"9":{"loc":{"start":{"line":6,"column":11},"end":{"line":6,"column":62}},"type":"binary-expr","locations":[{"start":{"line":6,"column":11},"end":{"line":6,"column":16}},{"start":{"line":6,"column":20},"end":{"line":6,"column":21}},{"start":{"line":6,"column":25},"end":{"line":6,"column":62}}],"line":6},"10":{"loc":{"start":{"line":35,"column":21},"end":{"line":35,"column":42}},"type":"binary-expr","locations":[{"start":{"line":35,"column":21},"end":{"line":35,"column":36}},{"start":{"line":35,"column":40},"end":{"line":35,"column":42}}],"line":35},"11":{"loc":{"start":{"line":41,"column":8},"end":{"line":43,"column":9}},"type":"if","locations":[{"start":{"line":41,"column":8},"end":{"line":43,"column":9}},{"start":{},"end":{}}],"line":41},"12":{"loc":{"start":{"line":41,"column":12},"end":{"line":41,"column":53}},"type":"binary-expr","locations":[{"start":{"line":41,"column":12},"end":{"line":41,"column":31}},{"start":{"line":41,"column":35},"end":{"line":41,"column":53}}],"line":41},"13":{"loc":{"start":{"line":53,"column":8},"end":{"line":59,"column":9}},"type":"if","locations":[{"start":{"line":53,"column":8},"end":{"line":59,"column":9}},{"start":{},"end":{}}],"line":53},"14":{"loc":{"start":{"line":55,"column":24},"end":{"line":55,"column":44}},"type":"binary-expr","locations":[{"start":{"line":55,"column":24},"end":{"line":55,"column":38}},{"start":{"line":55,"column":42},"end":{"line":55,"column":44}}],"line":55},"15":{"loc":{"start":{"line":63,"column":21},"end":{"line":63,"column":60}},"type":"binary-expr","locations":[{"start":{"line":63,"column":21},"end":{"line":63,"column":37}},{"start":{"line":63,"column":41},"end":{"line":63,"column":60}}],"line":63}},"s":{"0":3,"1":3,"2":3,"3":3,"4":3,"5":0,"6":0,"7":0,"8":0,"9":3,"10":3,"11":3,"12":3,"13":3,"14":3,"15":3,"16":3,"17":10,"18":10,"19":10,"20":6,"21":6,"22":6,"23":6,"24":2,"25":4,"26":6,"27":1,"28":5,"29":5,"30":3,"31":3},"f":{"0":3,"1":10,"2":6,"3":6,"4":6,"5":6,"6":5},"b":{"0":[3,3,3],"1":[3,0],"2":[0,0],"3":[3,0],"4":[3,3],"5":[0,0],"6":[0,0],"7":[0,0],"8":[0,0],"9":[3,0,0],"10":[6,5],"11":[2,4],"12":[6,5],"13":[1,5],"14":[1,1],"15":[5,1]},"_coverageSchema":"1a1c01bbd47fc00a2c39e90264f33305004495a9","hash":"c9d32b6a88b1dbee57f2eb82651ed099a1947463"}
,"/Users/erenkurnaz/Desktop/my-packages/nestjs-sentry/lib/sentry.providers.ts": {"path":"/Users/erenkurnaz/Desktop/my-packages/nestjs-sentry/lib/sentry.providers.ts","statementMap":{"0":{"start":{"line":2,"column":0},"end":{"line":2,"column":62}},"1":{"start":{"line":3,"column":0},"end":{"line":3,"column":82}},"2":{"start":{"line":4,"column":24},"end":{"line":4,"column":50}},"3":{"start":{"line":5,"column":25},"end":{"line":5,"column":52}},"4":{"start":{"line":7,"column":4},"end":{"line":10,"column":6}},"5":{"start":{"line":12,"column":0},"end":{"line":12,"column":52}},"6":{"start":{"line":14,"column":4},"end":{"line":17,"column":6}},"7":{"start":{"line":19,"column":0},"end":{"line":19,"column":78}}},"fnMap":{"0":{"name":"createSentryProvider","decl":{"start":{"line":6,"column":9},"end":{"line":6,"column":29}},"loc":{"start":{"line":6,"column":39},"end":{"line":11,"column":1}},"line":6},"1":{"name":"createSentryModuleOptionsProvider","decl":{"start":{"line":13,"column":9},"end":{"line":13,"column":42}},"loc":{"start":{"line":13,"column":52},"end":{"line":18,"column":1}},"line":13}},"branchMap":{},"s":{"0":3,"1":3,"2":3,"3":3,"4":10,"5":3,"6":10,"7":3},"f":{"0":10,"1":10},"b":{},"_coverageSchema":"1a1c01bbd47fc00a2c39e90264f33305004495a9","hash":"775452b84c9885b4da9443cf8d6d364496ae1c39"}
,"/Users/erenkurnaz/Desktop/my-packages/nestjs-sentry/lib/sentry.service.ts": {"path":"/Users/erenkurnaz/Desktop/my-packages/nestjs-sentry/lib/sentry.service.ts","statementMap":{"0":{"start":{"line":2,"column":17},"end":{"line":7,"column":1}},"1":{"start":{"line":3,"column":12},"end":{"line":3,"column":28}},"2":{"start":{"line":3,"column":34},"end":{"line":3,"column":125}},"3":{"start":{"line":4,"column":4},"end":{"line":5,"column":150}},"4":{"start":{"line":4,"column":79},"end":{"line":4,"column":131}},"5":{"start":{"line":5,"column":9},"end":{"line":5,"column":150}},"6":{"start":{"line":5,"column":22},"end":{"line":5,"column":43}},"7":{"start":{"line":5,"column":58},"end":{"line":5,"column":150}},"8":{"start":{"line":5,"column":81},"end":{"line":5,"column":150}},"9":{"start":{"line":6,"column":4},"end":{"line":6,"column":66}},"10":{"start":{"line":8,"column":17},"end":{"line":10,"column":1}},"11":{"start":{"line":9,"column":4},"end":{"line":9,"column":109}},"12":{"start":{"line":9,"column":79},"end":{"line":9,"column":109}},"13":{"start":{"line":11,"column":14},"end":{"line":13,"column":1}},"14":{"start":{"line":12,"column":4},"end":{"line":12,"column":73}},"15":{"start":{"line":12,"column":36},"end":{"line":12,"column":71}},"16":{"start":{"line":15,"column":0},"end":{"line":15,"column":62}},"17":{"start":{"line":16,"column":0},"end":{"line":16,"column":31}},"18":{"start":{"line":17,"column":17},"end":{"line":17,"column":42}},"19":{"start":{"line":18,"column":15},"end":{"line":18,"column":38}},"20":{"start":{"line":19,"column":24},"end":{"line":19,"column":50}},"21":{"start":{"line":20,"column":20},"end":{"line":170,"column":1}},"22":{"start":{"line":22,"column":8},"end":{"line":22,"column":31}},"23":{"start":{"line":23,"column":8},"end":{"line":24,"column":19}},"24":{"start":{"line":24,"column":12},"end":{"line":24,"column":19}},"25":{"start":{"line":25,"column":79},"end":{"line":25,"column":86}},"26":{"start":{"line":26,"column":8},"end":{"line":28,"column":9}},"27":{"start":{"line":27,"column":12},"end":{"line":27,"column":93}},"28":{"start":{"line":29,"column":8},"end":{"line":49,"column":11}},"29":{"start":{"line":34,"column":24},"end":{"line":36,"column":25}},"30":{"start":{"line":35,"column":28},"end":{"line":35,"column":59}},"31":{"start":{"line":37,"column":24},"end":{"line":43,"column":25}},"32":{"start":{"line":38,"column":28},"end":{"line":38,"column":45}},"33":{"start":{"line":41,"column":28},"end":{"line":41,"column":85}},"34":{"start":{"line":42,"column":28},"end":{"line":42,"column":44}},"35":{"start":{"line":52,"column":8},"end":{"line":54,"column":9}},"36":{"start":{"line":53,"column":12},"end":{"line":53,"column":68}},"37":{"start":{"line":55,"column":8},"end":{"line":55,"column":47}},"38":{"start":{"line":58,"column":8},"end":{"line":60,"column":9}},"39":{"start":{"line":59,"column":12},"end":{"line":59,"column":59}},"40":{"start":{"line":61,"column":8},"end":{"line":63,"column":9}},"41":{"start":{"line":62,"column":12},"end":{"line":62,"column":54}},"42":{"start":{"line":64,"column":8},"end":{"line":77,"column":9}},"43":{"start":{"line":65,"column":12},"end":{"line":73,"column":56}},"44":{"start":{"line":76,"column":12},"end":{"line":76,"column":61}},"45":{"start":{"line":80,"column":8},"end":{"line":82,"column":9}},"46":{"start":{"line":81,"column":12},"end":{"line":81,"column":59}},"47":{"start":{"line":83,"column":8},"end":{"line":91,"column":9}},"48":{"start":{"line":84,"column":12},"end":{"line":86,"column":13}},"49":{"start":{"line":85,"column":16},"end":{"line":85,"column":60}},"50":{"start":{"line":87,"column":12},"end":{"line":87,"column":52}},"51":{"start":{"line":90,"column":12},"end":{"line":90,"column":61}},"52":{"start":{"line":94,"column":8},"end":{"line":96,"column":9}},"53":{"start":{"line":95,"column":12},"end":{"line":95,"column":59}},"54":{"start":{"line":97,"column":8},"end":{"line":113,"column":9}},"55":{"start":{"line":98,"column":12},"end":{"line":100,"column":13}},"56":{"start":{"line":99,"column":16},"end":{"line":99,"column":59}},"57":{"start":{"line":101,"column":12},"end":{"line":109,"column":60}},"58":{"start":{"line":112,"column":12},"end":{"line":112,"column":61}},"59":{"start":{"line":116,"column":8},"end":{"line":118,"column":9}},"60":{"start":{"line":117,"column":12},"end":{"line":117,"column":59}},"61":{"start":{"line":119,"column":8},"end":{"line":135,"column":9}},"62":{"start":{"line":120,"column":12},"end":{"line":122,"column":13}},"63":{"start":{"line":121,"column":16},"end":{"line":121,"column":60}},"64":{"start":{"line":123,"column":12},"end":{"line":131,"column":58}},"65":{"start":{"line":134,"column":12},"end":{"line":134,"column":61}},"66":{"start":{"line":138,"column":8},"end":{"line":140,"column":9}},"67":{"start":{"line":139,"column":12},"end":{"line":139,"column":59}},"68":{"start":{"line":141,"column":8},"end":{"line":157,"column":9}},"69":{"start":{"line":142,"column":12},"end":{"line":144,"column":13}},"70":{"start":{"line":143,"column":16},"end":{"line":143,"column":62}},"71":{"start":{"line":145,"column":12},"end":{"line":153,"column":57}},"72":{"start":{"line":156,"column":12},"end":{"line":156,"column":61}},"73":{"start":{"line":160,"column":8},"end":{"line":160,"column":22}},"74":{"start":{"line":163,"column":8},"end":{"line":168,"column":9}},"75":{"start":{"line":164,"column":12},"end":{"line":166,"column":13}},"76":{"start":{"line":165,"column":16},"end":{"line":165,"column":77}},"77":{"start":{"line":167,"column":12},"end":{"line":167,"column":60}},"78":{"start":{"line":171,"column":0},"end":{"line":171,"column":38}},"79":{"start":{"line":172,"column":0},"end":{"line":176,"column":18}}},"fnMap":{"0":{"name":"(anonymous_0)","decl":{"start":{"line":2,"column":46},"end":{"line":2,"column":47}},"loc":{"start":{"line":2,"column":87},"end":{"line":7,"column":1}},"line":2},"1":{"name":"(anonymous_1)","decl":{"start":{"line":8,"column":46},"end":{"line":8,"column":47}},"loc":{"start":{"line":8,"column":62},"end":{"line":10,"column":1}},"line":8},"2":{"name":"(anonymous_2)","decl":{"start":{"line":11,"column":40},"end":{"line":11,"column":41}},"loc":{"start":{"line":11,"column":73},"end":{"line":13,"column":1}},"line":11},"3":{"name":"(anonymous_3)","decl":{"start":{"line":12,"column":11},"end":{"line":12,"column":12}},"loc":{"start":{"line":12,"column":34},"end":{"line":12,"column":73}},"line":12},"4":{"name":"(anonymous_4)","decl":{"start":{"line":21,"column":4},"end":{"line":21,"column":5}},"loc":{"start":{"line":21,"column":25},"end":{"line":50,"column":5}},"line":21},"5":{"name":"(anonymous_5)","decl":{"start":{"line":33,"column":34},"end":{"line":33,"column":35}},"loc":{"start":{"line":33,"column":49},"end":{"line":44,"column":21}},"line":33},"6":{"name":"(anonymous_6)","decl":{"start":{"line":51,"column":4},"end":{"line":51,"column":5}},"loc":{"start":{"line":51,"column":35},"end":{"line":56,"column":5}},"line":51},"7":{"name":"(anonymous_7)","decl":{"start":{"line":57,"column":4},"end":{"line":57,"column":5}},"loc":{"start":{"line":57,"column":40},"end":{"line":78,"column":5}},"line":57},"8":{"name":"(anonymous_8)","decl":{"start":{"line":79,"column":4},"end":{"line":79,"column":5}},"loc":{"start":{"line":79,"column":35},"end":{"line":92,"column":5}},"line":79},"9":{"name":"(anonymous_9)","decl":{"start":{"line":93,"column":4},"end":{"line":93,"column":5}},"loc":{"start":{"line":93,"column":41},"end":{"line":114,"column":5}},"line":93},"10":{"name":"(anonymous_10)","decl":{"start":{"line":115,"column":4},"end":{"line":115,"column":5}},"loc":{"start":{"line":115,"column":42},"end":{"line":136,"column":5}},"line":115},"11":{"name":"(anonymous_11)","decl":{"start":{"line":137,"column":4},"end":{"line":137,"column":5}},"loc":{"start":{"line":137,"column":44},"end":{"line":158,"column":5}},"line":137},"12":{"name":"(anonymous_12)","decl":{"start":{"line":159,"column":4},"end":{"line":159,"column":5}},"loc":{"start":{"line":159,"column":15},"end":{"line":161,"column":5}},"line":159},"13":{"name":"(anonymous_13)","decl":{"start":{"line":162,"column":4},"end":{"line":162,"column":5}},"loc":{"start":{"line":162,"column":40},"end":{"line":169,"column":5}},"line":162}},"branchMap":{"0":{"loc":{"start":{"line":2,"column":17},"end":{"line":7,"column":1}},"type":"binary-expr","locations":[{"start":{"line":2,"column":18},"end":{"line":2,"column":22}},{"start":{"line":2,"column":26},"end":{"line":2,"column":41}},{"start":{"line":2,"column":46},"end":{"line":7,"column":1}}],"line":2},"1":{"loc":{"start":{"line":3,"column":34},"end":{"line":3,"column":125}},"type":"cond-expr","locations":[{"start":{"line":3,"column":42},"end":{"line":3,"column":48}},{"start":{"line":3,"column":51},"end":{"line":3,"column":125}}],"line":3},"2":{"loc":{"start":{"line":3,"column":51},"end":{"line":3,"column":125}},"type":"cond-expr","locations":[{"start":{"line":3,"column":67},"end":{"line":3,"column":118}},{"start":{"line":3,"column":121},"end":{"line":3,"column":125}}],"line":3},"3":{"loc":{"start":{"line":4,"column":4},"end":{"line":5,"column":150}},"type":"if","locations":[{"start":{"line":4,"column":4},"end":{"line":5,"column":150}},{"start":{"line":5,"column":9},"end":{"line":5,"column":150}}],"line":4},"4":{"loc":{"start":{"line":4,"column":8},"end":{"line":4,"column":77}},"type":"binary-expr","locations":[{"start":{"line":4,"column":8},"end":{"line":4,"column":35}},{"start":{"line":4,"column":39},"end":{"line":4,"column":77}}],"line":4},"5":{"loc":{"start":{"line":5,"column":58},"end":{"line":5,"column":150}},"type":"if","locations":[{"start":{"line":5,"column":58},"end":{"line":5,"column":150}},{"start":{},"end":{}}],"line":5},"6":{"loc":{"start":{"line":5,"column":85},"end":{"line":5,"column":149}},"type":"binary-expr","locations":[{"start":{"line":5,"column":86},"end":{"line":5,"column":143}},{"start":{"line":5,"column":148},"end":{"line":5,"column":149}}],"line":5},"7":{"loc":{"start":{"line":5,"column":86},"end":{"line":5,"column":143}},"type":"cond-expr","locations":[{"start":{"line":5,"column":94},"end":{"line":5,"column":98}},{"start":{"line":5,"column":101},"end":{"line":5,"column":143}}],"line":5},"8":{"loc":{"start":{"line":5,"column":101},"end":{"line":5,"column":143}},"type":"cond-expr","locations":[{"start":{"line":5,"column":109},"end":{"line":5,"column":126}},{"start":{"line":5,"column":129},"end":{"line":5,"column":143}}],"line":5},"9":{"loc":{"start":{"line":6,"column":11},"end":{"line":6,"column":62}},"type":"binary-expr","locations":[{"start":{"line":6,"column":11},"end":{"line":6,"column":16}},{"start":{"line":6,"column":20},"end":{"line":6,"column":21}},{"start":{"line":6,"column":25},"end":{"line":6,"column":62}}],"line":6},"10":{"loc":{"start":{"line":8,"column":17},"end":{"line":10,"column":1}},"type":"binary-expr","locations":[{"start":{"line":8,"column":18},"end":{"line":8,"column":22}},{"start":{"line":8,"column":26},"end":{"line":8,"column":41}},{"start":{"line":8,"column":46},"end":{"line":10,"column":1}}],"line":8},"11":{"loc":{"start":{"line":9,"column":4},"end":{"line":9,"column":109}},"type":"if","locations":[{"start":{"line":9,"column":4},"end":{"line":9,"column":109}},{"start":{},"end":{}}],"line":9},"12":{"loc":{"start":{"line":9,"column":8},"end":{"line":9,"column":77}},"type":"binary-expr","locations":[{"start":{"line":9,"column":8},"end":{"line":9,"column":35}},{"start":{"line":9,"column":39},"end":{"line":9,"column":77}}],"line":9},"13":{"loc":{"start":{"line":11,"column":14},"end":{"line":13,"column":1}},"type":"binary-expr","locations":[{"start":{"line":11,"column":15},"end":{"line":11,"column":19}},{"start":{"line":11,"column":23},"end":{"line":11,"column":35}},{"start":{"line":11,"column":40},"end":{"line":13,"column":1}}],"line":11},"14":{"loc":{"start":{"line":23,"column":8},"end":{"line":24,"column":19}},"type":"if","locations":[{"start":{"line":23,"column":8},"end":{"line":24,"column":19}},{"start":{},"end":{}}],"line":23},"15":{"loc":{"start":{"line":23,"column":14},"end":{"line":23,"column":36}},"type":"binary-expr","locations":[{"start":{"line":23,"column":14},"end":{"line":23,"column":21}},{"start":{"line":23,"column":25},"end":{"line":23,"column":36}}],"line":23},"16":{"loc":{"start":{"line":25,"column":16},"end":{"line":25,"column":33}},"type":"default-arg","locations":[{"start":{"line":25,"column":31},"end":{"line":25,"column":33}}],"line":25},"17":{"loc":{"start":{"line":26,"column":8},"end":{"line":28,"column":9}},"type":"if","locations":[{"start":{"line":26,"column":8},"end":{"line":28,"column":9}},{"start":{},"end":{}}],"line":26},"18":{"loc":{"start":{"line":27,"column":72},"end":{"line":27,"column":91}},"type":"binary-expr","locations":[{"start":{"line":27,"column":72},"end":{"line":27,"column":85}},{"start":{"line":27,"column":89},"end":{"line":27,"column":91}}],"line":27},"19":{"loc":{"start":{"line":34,"column":24},"end":{"line":36,"column":25}},"type":"if","locations":[{"start":{"line":34,"column":24},"end":{"line":36,"column":25}},{"start":{},"end":{}}],"line":34},"20":{"loc":{"start":{"line":34,"column":28},"end":{"line":34,"column":92}},"type":"binary-expr","locations":[{"start":{"line":34,"column":28},"end":{"line":34,"column":40}},{"start":{"line":34,"column":44},"end":{"line":34,"column":63}},{"start":{"line":34,"column":67},"end":{"line":34,"column":92}}],"line":34},"21":{"loc":{"start":{"line":37,"column":24},"end":{"line":43,"column":25}},"type":"if","locations":[{"start":{"line":37,"column":24},"end":{"line":43,"column":25}},{"start":{"line":40,"column":29},"end":{"line":43,"column":25}}],"line":37},"22":{"loc":{"start":{"line":52,"column":8},"end":{"line":54,"column":9}},"type":"if","locations":[{"start":{"line":52,"column":8},"end":{"line":54,"column":9}},{"start":{},"end":{}}],"line":52},"23":{"loc":{"start":{"line":58,"column":8},"end":{"line":60,"column":9}},"type":"if","locations":[{"start":{"line":58,"column":8},"end":{"line":60,"column":9}},{"start":{},"end":{}}],"line":58},"24":{"loc":{"start":{"line":61,"column":8},"end":{"line":63,"column":9}},"type":"if","locations":[{"start":{"line":61,"column":8},"end":{"line":63,"column":9}},{"start":{},"end":{}}],"line":61},"25":{"loc":{"start":{"line":61,"column":12},"end":{"line":61,"column":47}},"type":"binary-expr","locations":[{"start":{"line":61,"column":12},"end":{"line":61,"column":24}},{"start":{"line":61,"column":28},"end":{"line":61,"column":47}}],"line":61},"26":{"loc":{"start":{"line":65,"column":12},"end":{"line":73,"column":55}},"type":"cond-expr","locations":[{"start":{"line":66,"column":18},"end":{"line":72,"column":18}},{"start":{"line":73,"column":18},"end":{"line":73,"column":55}}],"line":65},"27":{"loc":{"start":{"line":80,"column":8},"end":{"line":82,"column":9}},"type":"if","locations":[{"start":{"line":80,"column":8},"end":{"line":82,"column":9}},{"start":{},"end":{}}],"line":80},"28":{"loc":{"start":{"line":84,"column":12},"end":{"line":86,"column":13}},"type":"if","locations":[{"start":{"line":84,"column":12},"end":{"line":86,"column":13}},{"start":{},"end":{}}],"line":84},"29":{"loc":{"start":{"line":84,"column":16},"end":{"line":84,"column":51}},"type":"binary-expr","locations":[{"start":{"line":84,"column":16},"end":{"line":84,"column":28}},{"start":{"line":84,"column":32},"end":{"line":84,"column":51}}],"line":84},"30":{"loc":{"start":{"line":94,"column":8},"end":{"line":96,"column":9}},"type":"if","locations":[{"start":{"line":94,"column":8},"end":{"line":96,"column":9}},{"start":{},"end":{}}],"line":94},"31":{"loc":{"start":{"line":98,"column":12},"end":{"line":100,"column":13}},"type":"if","locations":[{"start":{"line":98,"column":12},"end":{"line":100,"column":13}},{"start":{},"end":{}}],"line":98},"32":{"loc":{"start":{"line":98,"column":16},"end":{"line":98,"column":51}},"type":"binary-expr","locations":[{"start":{"line":98,"column":16},"end":{"line":98,"column":28}},{"start":{"line":98,"column":32},"end":{"line":98,"column":51}}],"line":98},"33":{"loc":{"start":{"line":101,"column":12},"end":{"line":109,"column":59}},"type":"cond-expr","locations":[{"start":{"line":102,"column":18},"end":{"line":108,"column":18}},{"start":{"line":109,"column":18},"end":{"line":109,"column":59}}],"line":101},"34":{"loc":{"start":{"line":116,"column":8},"end":{"line":118,"column":9}},"type":"if","locations":[{"start":{"line":116,"column":8},"end":{"line":118,"column":9}},{"start":{},"end":{}}],"line":116},"35":{"loc":{"start":{"line":120,"column":12},"end":{"line":122,"column":13}},"type":"if","locations":[{"start":{"line":120,"column":12},"end":{"line":122,"column":13}},{"start":{},"end":{}}],"line":120},"36":{"loc":{"start":{"line":120,"column":16},"end":{"line":120,"column":80}},"type":"binary-expr","locations":[{"start":{"line":120,"column":16},"end":{"line":120,"column":28}},{"start":{"line":120,"column":32},"end":{"line":120,"column":51}},{"start":{"line":120,"column":55},"end":{"line":120,"column":80}}],"line":120},"37":{"loc":{"start":{"line":123,"column":12},"end":{"line":131,"column":57}},"type":"cond-expr","locations":[{"start":{"line":124,"column":18},"end":{"line":130,"column":18}},{"start":{"line":131,"column":18},"end":{"line":131,"column":57}}],"line":123},"38":{"loc":{"start":{"line":138,"column":8},"end":{"line":140,"column":9}},"type":"if","locations":[{"start":{"line":138,"column":8},"end":{"line":140,"column":9}},{"start":{},"end":{}}],"line":138},"39":{"loc":{"start":{"line":142,"column":12},"end":{"line":144,"column":13}},"type":"if","locations":[{"start":{"line":142,"column":12},"end":{"line":144,"column":13}},{"start":{},"end":{}}],"line":142},"40":{"loc":{"start":{"line":142,"column":16},"end":{"line":142,"column":82}},"type":"binary-expr","locations":[{"start":{"line":142,"column":16},"end":{"line":142,"column":28}},{"start":{"line":142,"column":32},"end":{"line":142,"column":51}},{"start":{"line":142,"column":55},"end":{"line":142,"column":82}}],"line":142},"41":{"loc":{"start":{"line":145,"column":12},"end":{"line":153,"column":56}},"type":"cond-expr","locations":[{"start":{"line":146,"column":18},"end":{"line":152,"column":18}},{"start":{"line":153,"column":18},"end":{"line":153,"column":56}}],"line":145},"42":{"loc":{"start":{"line":163,"column":8},"end":{"line":168,"column":9}},"type":"if","locations":[{"start":{"line":163,"column":8},"end":{"line":168,"column":9}},{"start":{},"end":{}}],"line":163},"43":{"loc":{"start":{"line":164,"column":12},"end":{"line":166,"column":13}},"type":"if","locations":[{"start":{"line":164,"column":12},"end":{"line":166,"column":13}},{"start":{},"end":{}}],"line":164},"44":{"loc":{"start":{"line":164,"column":16},"end":{"line":164,"column":105}},"type":"binary-expr","locations":[{"start":{"line":164,"column":16},"end":{"line":164,"column":28}},{"start":{"line":164,"column":32},"end":{"line":164,"column":51}},{"start":{"line":164,"column":55},"end":{"line":164,"column":82}},{"start":{"line":164,"column":86},"end":{"line":164,"column":105}}],"line":164}},"s":{"0":3,"1":3,"2":3,"3":3,"4":3,"5":0,"6":0,"7":0,"8":0,"9":3,"10":3,"11":3,"12":3,"13":3,"14":3,"15":3,"16":3,"17":3,"18":3,"19":3,"20":3,"21":3,"22":32,"23":32,"24":0,"25":32,"26":32,"27":9,"28":32,"29":0,"30":0,"31":0,"32":0,"33":0,"34":0,"35":0,"36":0,"37":0,"38":3,"39":0,"40":3,"41":2,"42":3,"43":3,"44":0,"45":1,"46":0,"47":1,"48":1,"49":1,"50":1,"51":0,"52":1,"53":0,"54":1,"55":1,"56":1,"57":1,"58":0,"59":2,"60":0,"61":2,"62":2,"63":2,"64":2,"65":0,"66":3,"67":0,"68":3,"69":3,"70":3,"71":3,"72":0,"73":0,"74":8,"75":2,"76":0,"77":2,"78":3,"79":3},"f":{"0":3,"1":3,"2":3,"3":3,"4":32,"5":0,"6":0,"7":3,"8":1,"9":1,"10":2,"11":3,"12":0,"13":8},"b":{"0":[3,3,3],"1":[3,0],"2":[0,0],"3":[3,0],"4":[3,3],"5":[0,0],"6":[0,0],"7":[0,0],"8":[0,0],"9":[3,0,0],"10":[3,3,3],"11":[3,0],"12":[3,3],"13":[3,3,3],"14":[0,32],"15":[32,32],"16":[32],"17":[9,23],"18":[9,0],"19":[0,0],"20":[0,0,0],"21":[0,0],"22":[0,0],"23":[0,3],"24":[2,1],"25":[3,3],"26":[1,2],"27":[0,1],"28":[1,0],"29":[1,1],"30":[0,1],"31":[1,0],"32":[1,1],"33":[0,1],"34":[0,2],"35":[2,0],"36":[2,2,2],"37":[1,1],"38":[0,3],"39":[3,0],"40":[3,3,3],"41":[2,1],"42":[2,6],"43":[0,2],"44":[2,2,2,2]},"_coverageSchema":"1a1c01bbd47fc00a2c39e90264f33305004495a9","hash":"f8deb25f7a312a1fa2495e29fb17575092c9badd"}
,"/Users/erenkurnaz/Desktop/my-packages/nestjs-sentry/lib/sentry.tokens.ts": {"path":"/Users/erenkurnaz/Desktop/my-packages/nestjs-sentry/lib/sentry.tokens.ts","statementMap":{"0":{"start":{"line":2,"column":0},"end":{"line":2,"column":62}},"1":{"start":{"line":3,"column":0},"end":{"line":3,"column":62}},"2":{"start":{"line":4,"column":0},"end":{"line":4,"column":62}},"3":{"start":{"line":5,"column":0},"end":{"line":5,"column":45}}},"fnMap":{},"branchMap":{},"s":{"0":3,"1":3,"2":3,"3":3},"f":{},"b":{},"_coverageSchema":"1a1c01bbd47fc00a2c39e90264f33305004495a9","hash":"e0f2fc1587f71205556fa7ce5f51a0e98f387bd1"}
,"/Users/erenkurnaz/Desktop/my-packages/nestjs-sentry/lib/__tests__/helpers/create-sentry-module-options.ts": {"path":"/Users/erenkurnaz/Desktop/my-packages/nestjs-sentry/lib/__tests__/helpers/create-sentry-module-options.ts","statementMap":{"0":{"start":{"line":2,"column":0},"end":{"line":2,"column":62}},"1":{"start":{"line":3,"column":0},"end":{"line":3,"column":43}},"2":{"start":{"line":4,"column":34},"end":{"line":14,"column":1}},"3":{"start":{"line":5,"column":4},"end":{"line":13,"column":6}},"4":{"start":{"line":15,"column":0},"end":{"line":15,"column":62}}},"fnMap":{"0":{"name":"(anonymous_0)","decl":{"start":{"line":4,"column":34},"end":{"line":4,"column":35}},"loc":{"start":{"line":4,"column":53},"end":{"line":14,"column":1}},"line":4}},"branchMap":{},"s":{"0":1,"1":1,"2":1,"3":4,"4":1},"f":{"0":4},"b":{},"_coverageSchema":"1a1c01bbd47fc00a2c39e90264f33305004495a9","hash":"2b0f6c382fbc5942606b9afed5021b7df6a8f6c7"}
,"/Users/erenkurnaz/Desktop/my-packages/nestjs-sentry/lib/decorators/index.ts": {"path":"/Users/erenkurnaz/Desktop/my-packages/nestjs-sentry/lib/decorators/index.ts","statementMap":{"0":{"start":{"line":2,"column":22},"end":{"line":12,"column":3}},"1":{"start":{"line":3,"column":4},"end":{"line":3,"column":33}},"2":{"start":{"line":3,"column":26},"end":{"line":3,"column":33}},"3":{"start":{"line":4,"column":15},"end":{"line":4,"column":52}},"4":{"start":{"line":5,"column":4},"end":{"line":7,"column":5}},"5":{"start":{"line":6,"column":6},"end":{"line":6,"column":68}},"6":{"start":{"line":6,"column":51},"end":{"line":6,"column":63}},"7":{"start":{"line":8,"column":4},"end":{"line":8,"column":39}},"8":{"start":{"line":10,"column":4},"end":{"line":10,"column":33}},"9":{"start":{"line":10,"column":26},"end":{"line":10,"column":33}},"10":{"start":{"line":11,"column":4},"end":{"line":11,"column":17}},"11":{"start":{"line":13,"column":19},"end":{"line":15,"column":1}},"12":{"start":{"line":14,"column":4},"end":{"line":14,"column":126}},"13":{"start":{"line":14,"column":21},"end":{"line":14,"column":126}},"14":{"start":{"line":14,"column":95},"end":{"line":14,"column":126}},"15":{"start":{"line":16,"column":0},"end":{"line":16,"column":62}},"16":{"start":{"line":17,"column":0},"end":{"line":17,"column":53}},"17":{"start":{"line":18,"column":0},"end":{"line":18,"column":68}}},"fnMap":{"0":{"name":"(anonymous_0)","decl":{"start":{"line":2,"column":74},"end":{"line":2,"column":75}},"loc":{"start":{"line":2,"column":96},"end":{"line":9,"column":1}},"line":2},"1":{"name":"(anonymous_1)","decl":{"start":{"line":6,"column":38},"end":{"line":6,"column":39}},"loc":{"start":{"line":6,"column":49},"end":{"line":6,"column":65}},"line":6},"2":{"name":"(anonymous_2)","decl":{"start":{"line":9,"column":6},"end":{"line":9,"column":7}},"loc":{"start":{"line":9,"column":28},"end":{"line":12,"column":1}},"line":9},"3":{"name":"(anonymous_3)","decl":{"start":{"line":13,"column":50},"end":{"line":13,"column":51}},"loc":{"start":{"line":13,"column":71},"end":{"line":15,"column":1}},"line":13}},"branchMap":{"0":{"loc":{"start":{"line":2,"column":22},"end":{"line":12,"column":3}},"type":"binary-expr","locations":[{"start":{"line":2,"column":23},"end":{"line":2,"column":27}},{"start":{"line":2,"column":31},"end":{"line":2,"column":51}},{"start":{"line":2,"column":57},"end":{"line":12,"column":2}}],"line":2},"1":{"loc":{"start":{"line":2,"column":57},"end":{"line":12,"column":2}},"type":"cond-expr","locations":[{"start":{"line":2,"column":74},"end":{"line":9,"column":1}},{"start":{"line":9,"column":6},"end":{"line":12,"column":1}}],"line":2},"2":{"loc":{"start":{"line":3,"column":4},"end":{"line":3,"column":33}},"type":"if","locations":[{"start":{"line":3,"column":4},"end":{"line":3,"column":33}},{"start":{},"end":{}}],"line":3},"3":{"loc":{"start":{"line":5,"column":4},"end":{"line":7,"column":5}},"type":"if","locations":[{"start":{"line":5,"column":4},"end":{"line":7,"column":5}},{"start":{},"end":{}}],"line":5},"4":{"loc":{"start":{"line":5,"column":8},"end":{"line":5,"column":85}},"type":"binary-expr","locations":[{"start":{"line":5,"column":8},"end":{"line":5,"column":13}},{"start":{"line":5,"column":18},"end":{"line":5,"column":84}}],"line":5},"5":{"loc":{"start":{"line":5,"column":18},"end":{"line":5,"column":84}},"type":"cond-expr","locations":[{"start":{"line":5,"column":34},"end":{"line":5,"column":47}},{"start":{"line":5,"column":50},"end":{"line":5,"column":84}}],"line":5},"6":{"loc":{"start":{"line":5,"column":50},"end":{"line":5,"column":84}},"type":"binary-expr","locations":[{"start":{"line":5,"column":50},"end":{"line":5,"column":63}},{"start":{"line":5,"column":67},"end":{"line":5,"column":84}}],"line":5},"7":{"loc":{"start":{"line":10,"column":4},"end":{"line":10,"column":33}},"type":"if","locations":[{"start":{"line":10,"column":4},"end":{"line":10,"column":33}},{"start":{},"end":{}}],"line":10},"8":{"loc":{"start":{"line":13,"column":19},"end":{"line":15,"column":1}},"type":"binary-expr","locations":[{"start":{"line":13,"column":20},"end":{"line":13,"column":24}},{"start":{"line":13,"column":28},"end":{"line":13,"column":45}},{"start":{"line":13,"column":50},"end":{"line":15,"column":1}}],"line":13},"9":{"loc":{"start":{"line":14,"column":21},"end":{"line":14,"column":126}},"type":"if","locations":[{"start":{"line":14,"column":21},"end":{"line":14,"column":126}},{"start":{},"end":{}}],"line":14},"10":{"loc":{"start":{"line":14,"column":25},"end":{"line":14,"column":93}},"type":"binary-expr","locations":[{"start":{"line":14,"column":25},"end":{"line":14,"column":40}},{"start":{"line":14,"column":44},"end":{"line":14,"column":93}}],"line":14}},"s":{"0":1,"1":2,"2":2,"3":2,"4":2,"5":2,"6":1,"7":2,"8":0,"9":0,"10":0,"11":1,"12":2,"13":2,"14":2,"15":1,"16":1,"17":1},"f":{"0":2,"1":1,"2":0,"3":2},"b":{"0":[1,1,1],"1":[1,0],"2":[2,0],"3":[2,0],"4":[2,2],"5":[0,2],"6":[2,0],"7":[0,0],"8":[1,1,1],"9":[2,0],"10":[2,2]},"_coverageSchema":"1a1c01bbd47fc00a2c39e90264f33305004495a9","hash":"362d9e3700e9eb96cfb2164d55289c17c11d61e0"}
,"/Users/erenkurnaz/Desktop/my-packages/nestjs-sentry/lib/decorators/sentry-module-options.decorator.ts": {"path":"/Users/erenkurnaz/Desktop/my-packages/nestjs-sentry/lib/decorators/sentry-module-options.decorator.ts","statementMap":{"0":{"start":{"line":2,"column":0},"end":{"line":2,"column":62}},"1":{"start":{"line":3,"column":0},"end":{"line":3,"column":43}},"2":{"start":{"line":4,"column":16},"end":{"line":4,"column":35}},"3":{"start":{"line":5,"column":24},"end":{"line":5,"column":51}},"4":{"start":{"line":6,"column":0},"end":{"line":6,"column":114}}},"fnMap":{},"branchMap":{},"s":{"0":1,"1":1,"2":1,"3":1,"4":1},"f":{},"b":{},"_coverageSchema":"1a1c01bbd47fc00a2c39e90264f33305004495a9","hash":"35e0384a19f86f3fe71e1c1a5763194fda76fc6b"}
,"/Users/erenkurnaz/Desktop/my-packages/nestjs-sentry/lib/decorators/sentry.decorator.ts": {"path":"/Users/erenkurnaz/Desktop/my-packages/nestjs-sentry/lib/decorators/sentry.decorator.ts","statementMap":{"0":{"start":{"line":2,"column":0},"end":{"line":2,"column":62}},"1":{"start":{"line":3,"column":0},"end":{"line":3,"column":30}},"2":{"start":{"line":4,"column":16},"end":{"line":4,"column":35}},"3":{"start":{"line":5,"column":24},"end":{"line":5,"column":51}},"4":{"start":{"line":6,"column":0},"end":{"line":6,"column":92}}},"fnMap":{},"branchMap":{},"s":{"0":1,"1":1,"2":1,"3":1,"4":1},"f":{},"b":{},"_coverageSchema":"1a1c01bbd47fc00a2c39e90264f33305004495a9","hash":"0b5784a2e7c81d9b623cc0d2b8a78f85cdd7c449"}
,"/Users/erenkurnaz/Desktop/my-packages/nestjs-sentry/lib/utils/create-injectable-decorador.ts": {"path":"/Users/erenkurnaz/Desktop/my-packages/nestjs-sentry/lib/utils/create-injectable-decorador.ts","statementMap":{"0":{"start":{"line":2,"column":0},"end":{"line":2,"column":62}},"1":{"start":{"line":3,"column":0},"end":{"line":3,"column":43}},"2":{"start":{"line":4,"column":17},"end":{"line":4,"column":42}},"3":{"start":{"line":13,"column":34},"end":{"line":13,"column":78}},"4":{"start":{"line":13,"column":45},"end":{"line":13,"column":78}},"5":{"start":{"line":13,"column":51},"end":{"line":13,"column":78}},"6":{"start":{"line":14,"column":0},"end":{"line":14,"column":62}}},"fnMap":{"0":{"name":"(anonymous_0)","decl":{"start":{"line":13,"column":34},"end":{"line":13,"column":35}},"loc":{"start":{"line":13,"column":45},"end":{"line":13,"column":78}},"line":13},"1":{"name":"(anonymous_1)","decl":{"start":{"line":13,"column":45},"end":{"line":13,"column":46}},"loc":{"start":{"line":13,"column":51},"end":{"line":13,"column":78}},"line":13}},"branchMap":{},"s":{"0":1,"1":1,"2":1,"3":1,"4":2,"5":1,"6":1},"f":{"0":2,"1":1},"b":{},"_coverageSchema":"1a1c01bbd47fc00a2c39e90264f33305004495a9","hash":"11aed9b37e34bb93b83df990137dce90b6a2aee7"}
,"/Users/erenkurnaz/Desktop/my-packages/nestjs-sentry/lib/utils/index.ts": {"path":"/Users/erenkurnaz/Desktop/my-packages/nestjs-sentry/lib/utils/index.ts","statementMap":{"0":{"start":{"line":2,"column":22},"end":{"line":12,"column":3}},"1":{"start":{"line":3,"column":4},"end":{"line":3,"column":33}},"2":{"start":{"line":3,"column":26},"end":{"line":3,"column":33}},"3":{"start":{"line":4,"column":15},"end":{"line":4,"column":52}},"4":{"start":{"line":5,"column":4},"end":{"line":7,"column":5}},"5":{"start":{"line":6,"column":6},"end":{"line":6,"column":68}},"6":{"start":{"line":6,"column":51},"end":{"line":6,"column":63}},"7":{"start":{"line":8,"column":4},"end":{"line":8,"column":39}},"8":{"start":{"line":10,"column":4},"end":{"line":10,"column":33}},"9":{"start":{"line":10,"column":26},"end":{"line":10,"column":33}},"10":{"start":{"line":11,"column":4},"end":{"line":11,"column":17}},"11":{"start":{"line":13,"column":19},"end":{"line":15,"column":1}},"12":{"start":{"line":14,"column":4},"end":{"line":14,"column":126}},"13":{"start":{"line":14,"column":21},"end":{"line":14,"column":126}},"14":{"start":{"line":14,"column":95},"end":{"line":14,"column":126}},"15":{"start":{"line":16,"column":0},"end":{"line":16,"column":62}},"16":{"start":{"line":17,"column":0},"end":{"line":17,"column":52}},"17":{"start":{"line":18,"column":0},"end":{"line":18,"column":64}}},"fnMap":{"0":{"name":"(anonymous_0)","decl":{"start":{"line":2,"column":74},"end":{"line":2,"column":75}},"loc":{"start":{"line":2,"column":96},"end":{"line":9,"column":1}},"line":2},"1":{"name":"(anonymous_1)","decl":{"start":{"line":6,"column":38},"end":{"line":6,"column":39}},"loc":{"start":{"line":6,"column":49},"end":{"line":6,"column":65}},"line":6},"2":{"name":"(anonymous_2)","decl":{"start":{"line":9,"column":6},"end":{"line":9,"column":7}},"loc":{"start":{"line":9,"column":28},"end":{"line":12,"column":1}},"line":9},"3":{"name":"(anonymous_3)","decl":{"start":{"line":13,"column":50},"end":{"line":13,"column":51}},"loc":{"start":{"line":13,"column":71},"end":{"line":15,"column":1}},"line":13}},"branchMap":{"0":{"loc":{"start":{"line":2,"column":22},"end":{"line":12,"column":3}},"type":"binary-expr","locations":[{"start":{"line":2,"column":23},"end":{"line":2,"column":27}},{"start":{"line":2,"column":31},"end":{"line":2,"column":51}},{"start":{"line":2,"column":57},"end":{"line":12,"column":2}}],"line":2},"1":{"loc":{"start":{"line":2,"column":57},"end":{"line":12,"column":2}},"type":"cond-expr","locations":[{"start":{"line":2,"column":74},"end":{"line":9,"column":1}},{"start":{"line":9,"column":6},"end":{"line":12,"column":1}}],"line":2},"2":{"loc":{"start":{"line":3,"column":4},"end":{"line":3,"column":33}},"type":"if","locations":[{"start":{"line":3,"column":4},"end":{"line":3,"column":33}},{"start":{},"end":{}}],"line":3},"3":{"loc":{"start":{"line":5,"column":4},"end":{"line":7,"column":5}},"type":"if","locations":[{"start":{"line":5,"column":4},"end":{"line":7,"column":5}},{"start":{},"end":{}}],"line":5},"4":{"loc":{"start":{"line":5,"column":8},"end":{"line":5,"column":85}},"type":"binary-expr","locations":[{"start":{"line":5,"column":8},"end":{"line":5,"column":13}},{"start":{"line":5,"column":18},"end":{"line":5,"column":84}}],"line":5},"5":{"loc":{"start":{"line":5,"column":18},"end":{"line":5,"column":84}},"type":"cond-expr","locations":[{"start":{"line":5,"column":34},"end":{"line":5,"column":47}},{"start":{"line":5,"column":50},"end":{"line":5,"column":84}}],"line":5},"6":{"loc":{"start":{"line":5,"column":50},"end":{"line":5,"column":84}},"type":"binary-expr","locations":[{"start":{"line":5,"column":50},"end":{"line":5,"column":63}},{"start":{"line":5,"column":67},"end":{"line":5,"column":84}}],"line":5},"7":{"loc":{"start":{"line":10,"column":4},"end":{"line":10,"column":33}},"type":"if","locations":[{"start":{"line":10,"column":4},"end":{"line":10,"column":33}},{"start":{},"end":{}}],"line":10},"8":{"loc":{"start":{"line":13,"column":19},"end":{"line":15,"column":1}},"type":"binary-expr","locations":[{"start":{"line":13,"column":20},"end":{"line":13,"column":24}},{"start":{"line":13,"column":28},"end":{"line":13,"column":45}},{"start":{"line":13,"column":50},"end":{"line":15,"column":1}}],"line":13},"9":{"loc":{"start":{"line":14,"column":21},"end":{"line":14,"column":126}},"type":"if","locations":[{"start":{"line":14,"column":21},"end":{"line":14,"column":126}},{"start":{},"end":{}}],"line":14},"10":{"loc":{"start":{"line":14,"column":25},"end":{"line":14,"column":93}},"type":"binary-expr","locations":[{"start":{"line":14,"column":25},"end":{"line":14,"column":40}},{"start":{"line":14,"column":44},"end":{"line":14,"column":93}}],"line":14}},"s":{"0":1,"1":2,"2":2,"3":2,"4":2,"5":2,"6":2,"7":2,"8":0,"9":0,"10":0,"11":1,"12":2,"13":2,"14":2,"15":1,"16":1,"17":1},"f":{"0":2,"1":2,"2":0,"3":2},"b":{"0":[1,1,1],"1":[1,0],"2":[2,0],"3":[2,0],"4":[2,2],"5":[0,2],"6":[2,0],"7":[0,0],"8":[1,1,1],"9":[2,0],"10":[2,2]},"_coverageSchema":"1a1c01bbd47fc00a2c39e90264f33305004495a9","hash":"2603c651289bc8ce4be90cbdf2c38f9d6e778d79"}
,"/Users/erenkurnaz/Desktop/my-packages/nestjs-sentry/lib/utils/is-string-array.ts": {"path":"/Users/erenkurnaz/Desktop/my-packages/nestjs-sentry/lib/utils/is-string-array.ts","statementMap":{"0":{"start":{"line":2,"column":0},"end":{"line":2,"column":62}},"1":{"start":{"line":3,"column":0},"end":{"line":3,"column":31}},"2":{"start":{"line":4,"column":22},"end":{"line":6,"column":1}},"3":{"start":{"line":5,"column":4},"end":{"line":5,"column":83}},"4":{"start":{"line":5,"column":57},"end":{"line":5,"column":81}},"5":{"start":{"line":7,"column":0},"end":{"line":7,"column":38}}},"fnMap":{"0":{"name":"(anonymous_0)","decl":{"start":{"line":4,"column":22},"end":{"line":4,"column":23}},"loc":{"start":{"line":4,"column":33},"end":{"line":6,"column":1}},"line":4},"1":{"name":"(anonymous_1)","decl":{"start":{"line":5,"column":47},"end":{"line":5,"column":48}},"loc":{"start":{"line":5,"column":57},"end":{"line":5,"column":81}},"line":5}},"branchMap":{"0":{"loc":{"start":{"line":5,"column":11},"end":{"line":5,"column":82}},"type":"binary-expr","locations":[{"start":{"line":5,"column":11},"end":{"line":5,"column":31}},{"start":{"line":5,"column":35},"end":{"line":5,"column":82}}],"line":5}},"s":{"0":1,"1":1,"2":1,"3":0,"4":0,"5":1},"f":{"0":0,"1":0},"b":{"0":[0,0]},"_coverageSchema":"1a1c01bbd47fc00a2c39e90264f33305004495a9","hash":"007ada41bc03727365a187a7be9c6a8b62265e6a"}
}
