TN:
SF:lib/sentry.module.ts
FN:2,(anonymous_0)
FN:16,(anonymous_1)
FN:26,(anonymous_2)
FN:30,(anonymous_3)
FN:40,(anonymous_4)
FN:52,(anonymous_5)
FN:62,(anonymous_6)
FNF:7
FNH:7
FNDA:3,(anonymous_0)
FNDA:10,(anonymous_1)
FNDA:6,(anonymous_2)
FNDA:6,(anonymous_3)
FNDA:6,(anonymous_4)
FNDA:6,(anonymous_5)
FNDA:5,(anonymous_6)
DA:2,3
DA:3,3
DA:4,3
DA:5,0
DA:6,3
DA:9,3
DA:10,3
DA:11,3
DA:12,3
DA:13,3
DA:14,3
DA:15,3
DA:17,10
DA:18,10
DA:19,10
DA:27,6
DA:30,6
DA:32,6
DA:41,6
DA:42,2
DA:44,4
DA:53,6
DA:54,1
DA:60,5
DA:62,5
DA:67,3
DA:68,3
LF:27
LH:26
BRDA:2,0,0,3
BRDA:2,0,1,3
BRDA:2,0,2,3
BRDA:3,1,0,3
BRDA:3,1,1,0
BRDA:3,2,0,0
BRDA:3,2,1,0
BRDA:4,3,0,3
BRDA:4,3,1,0
BRDA:4,4,0,3
BRDA:4,4,1,3
BRDA:5,5,0,0
BRDA:5,5,1,0
BRDA:5,6,0,0
BRDA:5,6,1,0
BRDA:5,7,0,0
BRDA:5,7,1,0
BRDA:5,8,0,0
BRDA:5,8,1,0
BRDA:6,9,0,3
BRDA:6,9,1,0
BRDA:6,9,2,0
BRDA:35,10,0,6
BRDA:35,10,1,5
BRDA:41,11,0,2
BRDA:41,11,1,4
BRDA:41,12,0,6
BRDA:41,12,1,5
BRDA:53,13,0,1
BRDA:53,13,1,5
BRDA:55,14,0,1
BRDA:55,14,1,1
BRDA:63,15,0,5
BRDA:63,15,1,1
BRF:34
BRH:20
end_of_record
TN:
SF:lib/sentry.providers.ts
FN:6,createSentryProvider
FN:13,createSentryModuleOptionsProvider
FNF:2
FNH:2
FNDA:10,createSentryProvider
FNDA:10,createSentryModuleOptionsProvider
DA:2,3
DA:3,3
DA:4,3
DA:5,3
DA:7,10
DA:12,3
DA:14,10
DA:19,3
LF:8
LH:8
BRF:0
BRH:0
end_of_record
TN:
SF:lib/sentry.service.ts
FN:2,(anonymous_0)
FN:8,(anonymous_1)
FN:11,(anonymous_2)
FN:12,(anonymous_3)
FN:21,(anonymous_4)
FN:33,(anonymous_5)
FN:51,(anonymous_6)
FN:57,(anonymous_7)
FN:79,(anonymous_8)
FN:93,(anonymous_9)
FN:115,(anonymous_10)
FN:137,(anonymous_11)
FN:159,(anonymous_12)
FN:162,(anonymous_13)
FNF:14
FNH:11
FNDA:3,(anonymous_0)
FNDA:3,(anonymous_1)
FNDA:3,(anonymous_2)
FNDA:3,(anonymous_3)
FNDA:32,(anonymous_4)
FNDA:0,(anonymous_5)
FNDA:0,(anonymous_6)
FNDA:3,(anonymous_7)
FNDA:1,(anonymous_8)
FNDA:1,(anonymous_9)
FNDA:2,(anonymous_10)
FNDA:3,(anonymous_11)
FNDA:0,(anonymous_12)
FNDA:8,(anonymous_13)
DA:2,3
DA:3,3
DA:4,3
DA:5,0
DA:6,3
DA:8,3
DA:9,3
DA:11,3
DA:12,3
DA:15,3
DA:16,3
DA:17,3
DA:18,3
DA:19,3
DA:20,3
DA:22,32
DA:23,32
DA:24,0
DA:25,32
DA:26,32
DA:27,9
DA:29,32
DA:34,0
DA:35,0
DA:37,0
DA:38,0
DA:41,0
DA:42,0
DA:52,0
DA:53,0
DA:55,0
DA:58,3
DA:59,0
DA:61,3
DA:62,2
DA:64,3
DA:65,3
DA:76,0
DA:80,1
DA:81,0
DA:83,1
DA:84,1
DA:85,1
DA:87,1
DA:90,0
DA:94,1
DA:95,0
DA:97,1
DA:98,1
DA:99,1
DA:101,1
DA:112,0
DA:116,2
DA:117,0
DA:119,2
DA:120,2
DA:121,2
DA:123,2
DA:134,0
DA:138,3
DA:139,0
DA:141,3
DA:142,3
DA:143,3
DA:145,3
DA:156,0
DA:160,0
DA:163,8
DA:164,2
DA:165,0
DA:167,2
DA:171,3
DA:172,3
LF:73
LH:50
BRDA:2,0,0,3
BRDA:2,0,1,3
BRDA:2,0,2,3
BRDA:3,1,0,3
BRDA:3,1,1,0
BRDA:3,2,0,0
BRDA:3,2,1,0
BRDA:4,3,0,3
BRDA:4,3,1,0
BRDA:4,4,0,3
BRDA:4,4,1,3
BRDA:5,5,0,0
BRDA:5,5,1,0
BRDA:5,6,0,0
BRDA:5,6,1,0
BRDA:5,7,0,0
BRDA:5,7,1,0
BRDA:5,8,0,0
BRDA:5,8,1,0
BRDA:6,9,0,3
BRDA:6,9,1,0
BRDA:6,9,2,0
BRDA:8,10,0,3
BRDA:8,10,1,3
BRDA:8,10,2,3
BRDA:9,11,0,3
BRDA:9,11,1,0
BRDA:9,12,0,3
BRDA:9,12,1,3
BRDA:11,13,0,3
BRDA:11,13,1,3
BRDA:11,13,2,3
BRDA:23,14,0,0
BRDA:23,14,1,32
BRDA:23,15,0,32
BRDA:23,15,1,32
BRDA:25,16,0,32
BRDA:26,17,0,9
BRDA:26,17,1,23
BRDA:27,18,0,9
BRDA:27,18,1,0
BRDA:34,19,0,0
BRDA:34,19,1,0
BRDA:34,20,0,0
BRDA:34,20,1,0
BRDA:34,20,2,0
BRDA:37,21,0,0
BRDA:37,21,1,0
BRDA:52,22,0,0
BRDA:52,22,1,0
BRDA:58,23,0,0
BRDA:58,23,1,3
BRDA:61,24,0,2
BRDA:61,24,1,1
BRDA:61,25,0,3
BRDA:61,25,1,3
BRDA:65,26,0,1
BRDA:65,26,1,2
BRDA:80,27,0,0
BRDA:80,27,1,1
BRDA:84,28,0,1
BRDA:84,28,1,0
BRDA:84,29,0,1
BRDA:84,29,1,1
BRDA:94,30,0,0
BRDA:94,30,1,1
BRDA:98,31,0,1
BRDA:98,31,1,0
BRDA:98,32,0,1
BRDA:98,32,1,1
BRDA:101,33,0,0
BRDA:101,33,1,1
BRDA:116,34,0,0
BRDA:116,34,1,2
BRDA:120,35,0,2
BRDA:120,35,1,0
BRDA:120,36,0,2
BRDA:120,36,1,2
BRDA:120,36,2,2
BRDA:123,37,0,1
BRDA:123,37,1,1
BRDA:138,38,0,0
BRDA:138,38,1,3
BRDA:142,39,0,3
BRDA:142,39,1,0
BRDA:142,40,0,3
BRDA:142,40,1,3
BRDA:142,40,2,3
BRDA:145,41,0,2
BRDA:145,41,1,1
BRDA:163,42,0,2
BRDA:163,42,1,6
BRDA:164,43,0,0
BRDA:164,43,1,2
BRDA:164,44,0,2
BRDA:164,44,1,2
BRDA:164,44,2,2
BRDA:164,44,3,2
BRF:98
BRH:61
end_of_record
TN:
SF:lib/sentry.tokens.ts
FNF:0
FNH:0
DA:2,3
DA:3,3
DA:4,3
DA:5,3
LF:4
LH:4
BRF:0
BRH:0
end_of_record
TN:
SF:lib/__tests__/helpers/create-sentry-module-options.ts
FN:4,(anonymous_0)
FNF:1
FNH:1
FNDA:4,(anonymous_0)
DA:2,1
DA:3,1
DA:4,1
DA:5,4
DA:15,1
LF:5
LH:5
BRF:0
BRH:0
end_of_record
TN:
SF:lib/decorators/index.ts
FN:2,(anonymous_0)
FN:6,(anonymous_1)
FN:9,(anonymous_2)
FN:13,(anonymous_3)
FNF:4
FNH:3
FNDA:2,(anonymous_0)
FNDA:1,(anonymous_1)
FNDA:0,(anonymous_2)
FNDA:2,(anonymous_3)
DA:2,1
DA:3,2
DA:4,2
DA:5,2
DA:6,2
DA:8,2
DA:10,0
DA:11,0
DA:13,1
DA:14,2
DA:16,1
DA:17,1
DA:18,1
LF:13
LH:11
BRDA:2,0,0,1
BRDA:2,0,1,1
BRDA:2,0,2,1
BRDA:2,1,0,1
BRDA:2,1,1,0
BRDA:3,2,0,2
BRDA:3,2,1,0
BRDA:5,3,0,2
BRDA:5,3,1,0
BRDA:5,4,0,2
BRDA:5,4,1,2
BRDA:5,5,0,0
BRDA:5,5,1,2
BRDA:5,6,0,2
BRDA:5,6,1,0
BRDA:10,7,0,0
BRDA:10,7,1,0
BRDA:13,8,0,1
BRDA:13,8,1,1
BRDA:13,8,2,1
BRDA:14,9,0,2
BRDA:14,9,1,0
BRDA:14,10,0,2
BRDA:14,10,1,2
BRF:24
BRH:16
end_of_record
TN:
SF:lib/decorators/sentry-module-options.decorator.ts
FNF:0
FNH:0
DA:2,1
DA:3,1
DA:4,1
DA:5,1
DA:6,1
LF:5
LH:5
BRF:0
BRH:0
end_of_record
TN:
SF:lib/decorators/sentry.decorator.ts
FNF:0
FNH:0
DA:2,1
DA:3,1
DA:4,1
DA:5,1
DA:6,1
LF:5
LH:5
BRF:0
BRH:0
end_of_record
TN:
SF:lib/utils/create-injectable-decorador.ts
FN:13,(anonymous_0)
FN:13,(anonymous_1)
FNF:2
FNH:2
FNDA:2,(anonymous_0)
FNDA:1,(anonymous_1)
DA:2,1
DA:3,1
DA:4,1
DA:13,2
DA:14,1
LF:5
LH:5
BRF:0
BRH:0
end_of_record
TN:
SF:lib/utils/index.ts
FN:2,(anonymous_0)
FN:6,(anonymous_1)
FN:9,(anonymous_2)
FN:13,(anonymous_3)
FNF:4
FNH:3
FNDA:2,(anonymous_0)
FNDA:2,(anonymous_1)
FNDA:0,(anonymous_2)
FNDA:2,(anonymous_3)
DA:2,1
DA:3,2
DA:4,2
DA:5,2
DA:6,2
DA:8,2
DA:10,0
DA:11,0
DA:13,1
DA:14,2
DA:16,1
DA:17,1
DA:18,1
LF:13
LH:11
BRDA:2,0,0,1
BRDA:2,0,1,1
BRDA:2,0,2,1
BRDA:2,1,0,1
BRDA:2,1,1,0
BRDA:3,2,0,2
BRDA:3,2,1,0
BRDA:5,3,0,2
BRDA:5,3,1,0
BRDA:5,4,0,2
BRDA:5,4,1,2
BRDA:5,5,0,0
BRDA:5,5,1,2
BRDA:5,6,0,2
BRDA:5,6,1,0
BRDA:10,7,0,0
BRDA:10,7,1,0
BRDA:13,8,0,1
BRDA:13,8,1,1
BRDA:13,8,2,1
BRDA:14,9,0,2
BRDA:14,9,1,0
BRDA:14,10,0,2
BRDA:14,10,1,2
BRF:24
BRH:16
end_of_record
TN:
SF:lib/utils/is-string-array.ts
FN:4,(anonymous_0)
FN:5,(anonymous_1)
FNF:2
FNH:0
FNDA:0,(anonymous_0)
FNDA:0,(anonymous_1)
DA:2,1
DA:3,1
DA:4,1
DA:5,0
DA:7,1
LF:5
LH:4
BRDA:5,0,0,0
BRDA:5,0,1,0
BRF:2
BRH:0
end_of_record
